2022-02-13 00:07:23.130 [ERROR] sermant - ----------------------javaagent start failed----------------------
2022-02-13 00:07:23.614 [ERROR] sermant - [DemoSimpleService]-start
2022-02-13 00:08:28.007 [ERROR] sermant - ----------------------javaagent start failed----------------------
2022-02-13 00:08:36.395 [INFO ] org.apache.coyote.http11.Http11NioProtocol - Initializing ProtocolHandler ["http-nio-8080"]
2022-02-13 00:08:36.396 [INFO ] org.apache.catalina.core.StandardService - Starting service [Tomcat]
2022-02-13 00:08:36.396 [INFO ] org.apache.catalina.core.StandardEngine - Starting Servlet engine: [Apache Tomcat/9.0.56]
2022-02-13 00:08:36.472 [INFO ] org.apache.catalina.core.ContainerBase.[Tomcat].[localhost].[/] - Initializing Spring embedded WebApplicationContext
2022-02-13 00:08:36.824 [INFO ] org.apache.coyote.http11.Http11NioProtocol - Starting ProtocolHandler ["http-nio-8080"]
2022-02-13 00:13:47.846 [ERROR] sermant - javaagent start failed
java.lang.NullPointerException: null
	at com.huawei.sermant.core.lubanops.core.utils.AgentPath.build(AgentPath.java:58)
	at com.huawei.sermant.core.lubanops.core.BootStrapImpl.main(BootStrapImpl.java:54)
	at com.huawei.sermant.core.AgentCoreEntrance.run(AgentCoreEntrance.java:58)
	at com.huawei.sermant.premain.AgentPremain.premain(AgentPremain.java:59)
	at sun.reflect.NativeMethodAccessorImpl.invoke0(Native Method)
	at sun.reflect.NativeMethodAccessorImpl.invoke(NativeMethodAccessorImpl.java:62)
	at sun.reflect.DelegatingMethodAccessorImpl.invoke(DelegatingMethodAccessorImpl.java:43)
	at java.lang.reflect.Method.invoke(Method.java:498)
	at sun.instrument.InstrumentationImpl._jrLoadClassAndStartAgent(InstrumentationImpl.java:386)
	at com.zeroturnaround.jrebelbase.reorder.b.start(SourceFile:103)
	at sun.instrument.InstrumentationImpl.loadClassAndStartAgent(InstrumentationImpl.java:41001)
	at sun.instrument.InstrumentationImpl.loadClassAndCallPremain(InstrumentationImpl.java:401)
2022-02-13 00:15:19.791 [ERROR] sermant - javaagent start failed
java.lang.NullPointerException: null
	at com.huawei.sermant.core.lubanops.core.utils.AgentPath.build(AgentPath.java:59)
	at com.huawei.sermant.core.lubanops.core.BootStrapImpl.main(BootStrapImpl.java:54)
	at com.huawei.sermant.core.AgentCoreEntrance.run(AgentCoreEntrance.java:58)
	at com.huawei.sermant.premain.AgentPremain.premain(AgentPremain.java:59)
	at sun.reflect.NativeMethodAccessorImpl.invoke0(Native Method)
	at sun.reflect.NativeMethodAccessorImpl.invoke(NativeMethodAccessorImpl.java:62)
	at sun.reflect.DelegatingMethodAccessorImpl.invoke(DelegatingMethodAccessorImpl.java:43)
	at java.lang.reflect.Method.invoke(Method.java:498)
	at sun.instrument.InstrumentationImpl._jrLoadClassAndStartAgent(InstrumentationImpl.java:386)
	at com.zeroturnaround.jrebelbase.reorder.b.start(SourceFile:103)
	at sun.instrument.InstrumentationImpl.loadClassAndStartAgent(InstrumentationImpl.java:41001)
	at sun.instrument.InstrumentationImpl.loadClassAndCallPremain(InstrumentationImpl.java:401)
2022-02-13 00:16:07.166 [ERROR] sermant - ----------------------javaagent start failed----------------------
2022-02-13 00:20:42.498 [ERROR] sermant - [DemoSimpleService]-start
